This is pdfTeX, Version 3.14159265-2.6-1.40.16 (TeX Live 2016/dev) (preloaded format=pdflatex 2017.3.11)  18 OCT 2017 15:53
entering extended mode
 restricted \write18 enabled.
 %&-line parsing enabled.
**exit
(/usr/share/texlive/texmf-dist/tex/latex/tools/q.tex
LaTeX2e <2015/01/01> patch level 2
Babel <3.9m> and hyphenation patterns for 2 languages loaded.
File ignored
)
! Emergency stop.
<*> exit
        
*** (job aborted, no legal \end found)

 
Here is how much of TeX's memory you used:
 7 strings out of 495003
 250 string characters out of 6181405
 44937 words of memory out of 5000000
 3343 multiletter control sequences out of 15000+600000
 3640 words of font info for 14 fonts, out of 8000000 for 9000
 14 hyphenation exceptions out of 8191
 5i,0n,1p,84b,8s stack positions out of 5000i,500n,10000p,200000b,80000s
!  ==> Fatal error occurred, no output PDF file produced!
